<?xml version="1.0" encoding="UTF-8"?>
<!-- Generated by org.testng.reporters.JUnitReportReporter -->
<testsuite hostname="LTIN445772" failures="0" tests="1" name="Steams1" time="0.014" errors="0" timestamp="2024-08-01T00:06:09 IST" skipped="0">
  <testcase classname="Steams1" name="streamCollect" time="0.014"/>
  <system-out/>
</testsuite> <!-- Steams1 -->
